INFO: [VRFC 10-163] Analyzing VHDL file "C:/Users/manci/Desktop/Documentos Lucas/Academico/Materias Actuales y seminarios/Digital I/TP FINAL LUCAS/Voltimetro_Digital_Lucas_v1/Voltimetro_Digital_Lucas_v1.srcs/sources_1/new/FlipFlopD.vhd" into library xil_defaultlib
INFO: [VRFC 10-3107] analyzing entity 'FlipFlopD'
INFO: [VRFC 10-163] Analyzing VHDL file "C:/Users/manci/Desktop/Documentos Lucas/Academico/Materias Actuales y seminarios/Digital I/TP FINAL LUCAS/Voltimetro_Digital_Lucas_v1/Voltimetro_Digital_Lucas_v1.srcs/sources_1/new/Counter_generic.vhd" into library xil_defaultlib
INFO: [VRFC 10-3107] analyzing entity 'Counter_generic'
INFO: [VRFC 10-163] Analyzing VHDL file "C:/Users/manci/Desktop/Documentos Lucas/Academico/Materias Actuales y seminarios/Digital I/TP FINAL LUCAS/Voltimetro_Digital_Lucas_v1/Voltimetro_Digital_Lucas_v1.srcs/sources_1/new/Counter_33000.vhd" into library xil_defaultlib
INFO: [VRFC 10-3107] analyzing entity 'Counter_33000'
INFO: [VRFC 10-163] Analyzing VHDL file "C:/Users/manci/Desktop/Documentos Lucas/Academico/Materias Actuales y seminarios/Digital I/TP FINAL LUCAS/Voltimetro_Digital_Lucas_v1/Voltimetro_Digital_Lucas_v1.srcs/sources_1/new/Counter_uptoX.vhd" into library xil_defaultlib
INFO: [VRFC 10-3107] analyzing entity 'Counter_uptoX'
INFO: [VRFC 10-163] Analyzing VHDL file "C:/Users/manci/Desktop/Documentos Lucas/Academico/Materias Actuales y seminarios/Digital I/TP FINAL LUCAS/Voltimetro_Digital_Lucas_v1/Voltimetro_Digital_Lucas_v1.srcs/sources_1/new/Counter_BCD.vhd" into library xil_defaultlib
INFO: [VRFC 10-3107] analyzing entity 'Counter_BCD'
INFO: [VRFC 10-163] Analyzing VHDL file "C:/Users/manci/Desktop/Documentos Lucas/Academico/Materias Actuales y seminarios/Digital I/TP FINAL LUCAS/Voltimetro_Digital_Lucas_v1/Voltimetro_Digital_Lucas_v1.srcs/sources_1/new/Register_BCD_3.vhd" into library xil_defaultlib
INFO: [VRFC 10-3107] analyzing entity 'Register_BCD_3'
INFO: [VRFC 10-163] Analyzing VHDL file "C:/Users/manci/Desktop/Documentos Lucas/Academico/Materias Actuales y seminarios/Digital I/TP FINAL LUCAS/Voltimetro_Digital_Lucas_v1/Voltimetro_Digital_Lucas_v1.srcs/sources_1/new/mux_4_in.vhd" into library xil_defaultlib
INFO: [VRFC 10-3107] analyzing entity 'mux_4_in'
INFO: [VRFC 10-163] Analyzing VHDL file "C:/Users/manci/Desktop/Documentos Lucas/Academico/Materias Actuales y seminarios/Digital I/TP FINAL LUCAS/Voltimetro_Digital_Lucas_v1/Voltimetro_Digital_Lucas_v1.srcs/sources_1/new/VGA_H_sync.vhd" into library xil_defaultlib
INFO: [VRFC 10-3107] analyzing entity 'VGA_H_sync'
INFO: [VRFC 10-163] Analyzing VHDL file "C:/Users/manci/Desktop/Documentos Lucas/Academico/Materias Actuales y seminarios/Digital I/TP FINAL LUCAS/Voltimetro_Digital_Lucas_v1/Voltimetro_Digital_Lucas_v1.srcs/sources_1/new/VGA_V_sync.vhd" into library xil_defaultlib
INFO: [VRFC 10-3107] analyzing entity 'VGA_V_sync'
INFO: [VRFC 10-163] Analyzing VHDL file "C:/Users/manci/Desktop/Documentos Lucas/Academico/Materias Actuales y seminarios/Digital I/TP FINAL LUCAS/Voltimetro_Digital_Lucas_v1/Voltimetro_Digital_Lucas_v1.srcs/sources_1/new/Visible_flag_generator.vhd" into library xil_defaultlib
INFO: [VRFC 10-3107] analyzing entity 'Visible_flag_generator'
INFO: [VRFC 10-163] Analyzing VHDL file "C:/Users/manci/Desktop/Documentos Lucas/Academico/Materias Actuales y seminarios/Digital I/TP FINAL LUCAS/Voltimetro_Digital_Lucas_v1/Voltimetro_Digital_Lucas_v1.srcs/sources_1/new/Counter_generic_bis.vhd" into library xil_defaultlib
INFO: [VRFC 10-3107] analyzing entity 'Counter_generic_bis'
INFO: [VRFC 10-163] Analyzing VHDL file "C:/Users/manci/Desktop/Documentos Lucas/Academico/Materias Actuales y seminarios/Digital I/TP FINAL LUCAS/Voltimetro_Digital_Lucas_v1/Voltimetro_Digital_Lucas_v1.srcs/sources_1/new/FlipFlopD_ena.vhd" into library xil_defaultlib
INFO: [VRFC 10-3107] analyzing entity 'FlipFlopD_ena'
INFO: [VRFC 10-163] Analyzing VHDL file "C:/Users/manci/Desktop/Documentos Lucas/Academico/Materias Actuales y seminarios/Digital I/TP FINAL LUCAS/Voltimetro_Digital_Lucas_v1/Voltimetro_Digital_Lucas_v1.srcs/Mux_4_simulation/new/mux_in_4_TB.vhd" into library xil_defaultlib
INFO: [VRFC 10-3107] analyzing entity 'mux_4_in_TB'
INFO: [VRFC 10-163] Analyzing VHDL file "C:/Users/manci/Desktop/Documentos Lucas/Academico/Materias Actuales y seminarios/Digital I/TP FINAL LUCAS/Voltimetro_Digital_Lucas_v1/Voltimetro_Digital_Lucas_v1.srcs/Mux_4_simulation/new/mux_4_in_tb_alt.vhd" into library xil_defaultlib
INFO: [VRFC 10-3107] analyzing entity 'mux_4_in_alt_TB'
ERROR: [VRFC 10-3518] mismatch on label ; expected 'mux_4_in_alt_tb' [C:/Users/manci/Desktop/Documentos Lucas/Academico/Materias Actuales y seminarios/Digital I/TP FINAL LUCAS/Voltimetro_Digital_Lucas_v1/Voltimetro_Digital_Lucas_v1.srcs/Mux_4_simulation/new/mux_4_in_tb_alt.vhd:35]
ERROR: [VRFC 10-3782] unit 'mux_4_in_alt_tb' ignored due to previous errors [C:/Users/manci/Desktop/Documentos Lucas/Academico/Materias Actuales y seminarios/Digital I/TP FINAL LUCAS/Voltimetro_Digital_Lucas_v1/Voltimetro_Digital_Lucas_v1.srcs/Mux_4_simulation/new/mux_4_in_tb_alt.vhd:34]
INFO: [VRFC 10-3070] VHDL file 'C:/Users/manci/Desktop/Documentos Lucas/Academico/Materias Actuales y seminarios/Digital I/TP FINAL LUCAS/Voltimetro_Digital_Lucas_v1/Voltimetro_Digital_Lucas_v1.srcs/Mux_4_simulation/new/mux_4_in_tb_alt.vhd' ignored due to errors
